{"/Users/andres/Documents/Rithm/Exercises/Week_7/express-jobly/app.js": {"path":"/Users/andres/Documents/Rithm/Exercises/Week_7/express-jobly/app.js","statementMap":{"0":{"start":{"line":5,"column":16},"end":{"line":5,"column":34}},"1":{"start":{"line":6,"column":13},"end":{"line":6,"column":28}},"2":{"start":{"line":8,"column":26},"end":{"line":8,"column":51}},"3":{"start":{"line":10,"column":28},"end":{"line":10,"column":56}},"4":{"start":{"line":11,"column":19},"end":{"line":11,"column":43}},"5":{"start":{"line":12,"column":24},"end":{"line":12,"column":53}},"6":{"start":{"line":13,"column":20},"end":{"line":13,"column":45}},"7":{"start":{"line":15,"column":15},"end":{"line":15,"column":32}},"8":{"start":{"line":17,"column":12},"end":{"line":17,"column":21}},"9":{"start":{"line":19,"column":0},"end":{"line":19,"column":16}},"10":{"start":{"line":20,"column":0},"end":{"line":20,"column":24}},"11":{"start":{"line":21,"column":0},"end":{"line":21,"column":24}},"12":{"start":{"line":22,"column":0},"end":{"line":22,"column":25}},"13":{"start":{"line":24,"column":0},"end":{"line":24,"column":29}},"14":{"start":{"line":25,"column":0},"end":{"line":25,"column":39}},"15":{"start":{"line":26,"column":0},"end":{"line":26,"column":31}},"16":{"start":{"line":30,"column":0},"end":{"line":32,"column":3}},"17":{"start":{"line":31,"column":2},"end":{"line":31,"column":28}},"18":{"start":{"line":35,"column":0},"end":{"line":44,"column":3}},"19":{"start":{"line":36,"column":2},"end":{"line":36,"column":64}},"20":{"start":{"line":36,"column":39},"end":{"line":36,"column":64}},"21":{"start":{"line":39,"column":18},"end":{"line":39,"column":29}},"22":{"start":{"line":41,"column":2},"end":{"line":43,"column":5}},"23":{"start":{"line":46,"column":0},"end":{"line":46,"column":21}}},"fnMap":{"0":{"name":"(anonymous_0)","decl":{"start":{"line":30,"column":8},"end":{"line":30,"column":9}},"loc":{"start":{"line":30,"column":34},"end":{"line":32,"column":1}},"line":30},"1":{"name":"(anonymous_1)","decl":{"start":{"line":35,"column":8},"end":{"line":35,"column":9}},"loc":{"start":{"line":35,"column":39},"end":{"line":44,"column":1}},"line":35}},"branchMap":{"0":{"loc":{"start":{"line":36,"column":2},"end":{"line":36,"column":64}},"type":"if","locations":[{"start":{"line":36,"column":2},"end":{"line":36,"column":64}},{"start":{},"end":{}}],"line":36}},"s":{"0":4,"1":4,"2":4,"3":4,"4":4,"5":4,"6":4,"7":4,"8":4,"9":4,"10":4,"11":4,"12":4,"13":4,"14":4,"15":4,"16":4,"17":2,"18":4,"19":36,"20":1,"21":36,"22":36,"23":4},"f":{"0":2,"1":36},"b":{"0":[1,35]},"_coverageSchema":"1a1c01bbd47fc00a2c39e90264f33305004495a9","hash":"6ce87a67e2aeef530f8cd3a19597477b375234ce"}
,"/Users/andres/Documents/Rithm/Exercises/Week_7/express-jobly/config.js": {"path":"/Users/andres/Documents/Rithm/Exercises/Week_7/express-jobly/config.js","statementMap":{"0":{"start":{"line":5,"column":0},"end":{"line":5,"column":27}},"1":{"start":{"line":6,"column":0},"end":{"line":6,"column":18}},"2":{"start":{"line":8,"column":19},"end":{"line":8,"column":57}},"3":{"start":{"line":10,"column":13},"end":{"line":10,"column":38}},"4":{"start":{"line":14,"column":2},"end":{"line":16,"column":58}},"5":{"start":{"line":21,"column":27},"end":{"line":21,"column":67}},"6":{"start":{"line":23,"column":0},"end":{"line":32,"column":1}},"7":{"start":{"line":24,"column":2},"end":{"line":31,"column":6}},"8":{"start":{"line":34,"column":0},"end":{"line":39,"column":2}}},"fnMap":{"0":{"name":"getDatabaseUri","decl":{"start":{"line":13,"column":9},"end":{"line":13,"column":23}},"loc":{"start":{"line":13,"column":26},"end":{"line":17,"column":1}},"line":13}},"branchMap":{"0":{"loc":{"start":{"line":8,"column":19},"end":{"line":8,"column":57}},"type":"binary-expr","locations":[{"start":{"line":8,"column":19},"end":{"line":8,"column":41}},{"start":{"line":8,"column":45},"end":{"line":8,"column":57}}],"line":8},"1":{"loc":{"start":{"line":10,"column":13},"end":{"line":10,"column":38}},"type":"binary-expr","locations":[{"start":{"line":10,"column":13},"end":{"line":10,"column":30}},{"start":{"line":10,"column":34},"end":{"line":10,"column":38}}],"line":10},"2":{"loc":{"start":{"line":14,"column":9},"end":{"line":16,"column":57}},"type":"cond-expr","locations":[{"start":{"line":15,"column":8},"end":{"line":15,"column":34}},{"start":{"line":16,"column":8},"end":{"line":16,"column":57}}],"line":14},"3":{"loc":{"start":{"line":16,"column":8},"end":{"line":16,"column":57}},"type":"binary-expr","locations":[{"start":{"line":16,"column":8},"end":{"line":16,"column":32}},{"start":{"line":16,"column":36},"end":{"line":16,"column":57}}],"line":16},"4":{"loc":{"start":{"line":21,"column":27},"end":{"line":21,"column":67}},"type":"cond-expr","locations":[{"start":{"line":21,"column":61},"end":{"line":21,"column":62}},{"start":{"line":21,"column":65},"end":{"line":21,"column":67}}],"line":21},"5":{"loc":{"start":{"line":23,"column":0},"end":{"line":32,"column":1}},"type":"if","locations":[{"start":{"line":23,"column":0},"end":{"line":32,"column":1}},{"start":{},"end":{}}],"line":23}},"s":{"0":9,"1":9,"2":9,"3":9,"4":10,"5":9,"6":9,"7":1,"8":9},"f":{"0":10},"b":{"0":[9,8],"1":[9,8],"2":[7,3],"3":[3,1],"4":[8,1],"5":[1,8]},"_coverageSchema":"1a1c01bbd47fc00a2c39e90264f33305004495a9","hash":"99a85e74c41378a7d064a1f89d27d63ff4e7a898"}
,"/Users/andres/Documents/Rithm/Exercises/Week_7/express-jobly/db.js": {"path":"/Users/andres/Documents/Rithm/Exercises/Week_7/express-jobly/db.js","statementMap":{"0":{"start":{"line":5,"column":19},"end":{"line":5,"column":32}},"1":{"start":{"line":6,"column":27},"end":{"line":6,"column":46}},"2":{"start":{"line":8,"column":20},"end":{"line":8,"column":36}},"3":{"start":{"line":10,"column":11},"end":{"line":12,"column":2}},"4":{"start":{"line":16,"column":25},"end":{"line":16,"column":43}},"5":{"start":{"line":17,"column":2},"end":{"line":23,"column":3}},"6":{"start":{"line":18,"column":4},"end":{"line":18,"column":23}},"7":{"start":{"line":19,"column":4},"end":{"line":19,"column":39}},"8":{"start":{"line":25,"column":0},"end":{"line":25,"column":12}},"9":{"start":{"line":27,"column":0},"end":{"line":27,"column":20}}},"fnMap":{"0":{"name":"connectDb","decl":{"start":{"line":14,"column":15},"end":{"line":14,"column":24}},"loc":{"start":{"line":14,"column":27},"end":{"line":24,"column":1}},"line":14}},"branchMap":{},"s":{"0":6,"1":6,"2":6,"3":6,"4":6,"5":6,"6":6,"7":6,"8":6,"9":6},"f":{"0":6},"b":{},"_coverageSchema":"1a1c01bbd47fc00a2c39e90264f33305004495a9","hash":"7a2cf638f8da1b7b37a2135dc401f52cf05d691c"}
,"/Users/andres/Documents/Rithm/Exercises/Week_7/express-jobly/expressError.js": {"path":"/Users/andres/Documents/Rithm/Exercises/Week_7/express-jobly/expressError.js","statementMap":{"0":{"start":{"line":11,"column":4},"end":{"line":11,"column":12}},"1":{"start":{"line":12,"column":4},"end":{"line":12,"column":27}},"2":{"start":{"line":13,"column":4},"end":{"line":13,"column":25}},"3":{"start":{"line":21,"column":4},"end":{"line":21,"column":24}},"4":{"start":{"line":29,"column":4},"end":{"line":29,"column":24}},"5":{"start":{"line":37,"column":4},"end":{"line":37,"column":24}},"6":{"start":{"line":45,"column":4},"end":{"line":45,"column":24}},"7":{"start":{"line":49,"column":0},"end":{"line":55,"column":2}}},"fnMap":{"0":{"name":"(anonymous_0)","decl":{"start":{"line":10,"column":2},"end":{"line":10,"column":3}},"loc":{"start":{"line":10,"column":31},"end":{"line":14,"column":3}},"line":10},"1":{"name":"(anonymous_1)","decl":{"start":{"line":20,"column":2},"end":{"line":20,"column":3}},"loc":{"start":{"line":20,"column":37},"end":{"line":22,"column":3}},"line":20},"2":{"name":"(anonymous_2)","decl":{"start":{"line":28,"column":2},"end":{"line":28,"column":3}},"loc":{"start":{"line":28,"column":40},"end":{"line":30,"column":3}},"line":28},"3":{"name":"(anonymous_3)","decl":{"start":{"line":36,"column":2},"end":{"line":36,"column":3}},"loc":{"start":{"line":36,"column":39},"end":{"line":38,"column":3}},"line":36},"4":{"name":"(anonymous_4)","decl":{"start":{"line":44,"column":2},"end":{"line":44,"column":3}},"loc":{"start":{"line":44,"column":37},"end":{"line":46,"column":3}},"line":44}},"branchMap":{"0":{"loc":{"start":{"line":20,"column":14},"end":{"line":20,"column":35}},"type":"default-arg","locations":[{"start":{"line":20,"column":24},"end":{"line":20,"column":35}}],"line":20},"1":{"loc":{"start":{"line":28,"column":14},"end":{"line":28,"column":38}},"type":"default-arg","locations":[{"start":{"line":28,"column":24},"end":{"line":28,"column":38}}],"line":28},"2":{"loc":{"start":{"line":36,"column":14},"end":{"line":36,"column":37}},"type":"default-arg","locations":[{"start":{"line":36,"column":24},"end":{"line":36,"column":37}}],"line":36},"3":{"loc":{"start":{"line":44,"column":14},"end":{"line":44,"column":35}},"type":"default-arg","locations":[{"start":{"line":44,"column":24},"end":{"line":44,"column":35}}],"line":44}},"s":{"0":51,"1":51,"2":51,"3":14,"4":19,"5":18,"6":0,"7":8},"f":{"0":51,"1":14,"2":19,"3":18,"4":0},"b":{"0":[2],"1":[9],"2":[0],"3":[0]},"_coverageSchema":"1a1c01bbd47fc00a2c39e90264f33305004495a9","hash":"918cf0585085a32521f3e0d35a077a96272e8cf0"}
,"/Users/andres/Documents/Rithm/Exercises/Week_7/express-jobly/helpers/sql.js": {"path":"/Users/andres/Documents/Rithm/Exercises/Week_7/express-jobly/helpers/sql.js","statementMap":{"0":{"start":{"line":3,"column":28},"end":{"line":3,"column":54}},"1":{"start":{"line":24,"column":15},"end":{"line":24,"column":40}},"2":{"start":{"line":25,"column":2},"end":{"line":25,"column":62}},"3":{"start":{"line":25,"column":25},"end":{"line":25,"column":62}},"4":{"start":{"line":28,"column":15},"end":{"line":30,"column":3}},"5":{"start":{"line":29,"column":4},"end":{"line":29,"column":50}},"6":{"start":{"line":32,"column":2},"end":{"line":35,"column":4}},"7":{"start":{"line":75,"column":0},"end":{"line":75,"column":41}}},"fnMap":{"0":{"name":"sqlForPartialUpdate","decl":{"start":{"line":23,"column":9},"end":{"line":23,"column":28}},"loc":{"start":{"line":23,"column":52},"end":{"line":36,"column":1}},"line":23},"1":{"name":"(anonymous_1)","decl":{"start":{"line":28,"column":24},"end":{"line":28,"column":25}},"loc":{"start":{"line":29,"column":4},"end":{"line":29,"column":50}},"line":29}},"branchMap":{"0":{"loc":{"start":{"line":25,"column":2},"end":{"line":25,"column":62}},"type":"if","locations":[{"start":{"line":25,"column":2},"end":{"line":25,"column":62}},{"start":{},"end":{}}],"line":25},"1":{"loc":{"start":{"line":29,"column":8},"end":{"line":29,"column":35}},"type":"binary-expr","locations":[{"start":{"line":29,"column":8},"end":{"line":29,"column":24}},{"start":{"line":29,"column":28},"end":{"line":29,"column":35}}],"line":29}},"s":{"0":7,"1":17,"2":17,"3":3,"4":14,"5":27,"6":14,"7":7},"f":{"0":17,"1":27},"b":{"0":[3,14],"1":[27,12]},"_coverageSchema":"1a1c01bbd47fc00a2c39e90264f33305004495a9","hash":"3ebbd92e8d4817e876f4d0c2449657f7bd521242"}
,"/Users/andres/Documents/Rithm/Exercises/Week_7/express-jobly/helpers/tokens.js": {"path":"/Users/andres/Documents/Rithm/Exercises/Week_7/express-jobly/helpers/tokens.js","statementMap":{"0":{"start":{"line":3,"column":12},"end":{"line":3,"column":35}},"1":{"start":{"line":4,"column":23},"end":{"line":4,"column":43}},"2":{"start":{"line":9,"column":16},"end":{"line":12,"column":3}},"3":{"start":{"line":14,"column":2},"end":{"line":14,"column":39}},"4":{"start":{"line":17,"column":0},"end":{"line":17,"column":33}}},"fnMap":{"0":{"name":"createToken","decl":{"start":{"line":8,"column":9},"end":{"line":8,"column":20}},"loc":{"start":{"line":8,"column":27},"end":{"line":15,"column":1}},"line":8}},"branchMap":{},"s":{"0":5,"1":5,"2":16,"3":16,"4":5},"f":{"0":16},"b":{},"_coverageSchema":"1a1c01bbd47fc00a2c39e90264f33305004495a9","hash":"60edda2fb95d7b88c5375e95fa357405cda54ff2"}
,"/Users/andres/Documents/Rithm/Exercises/Week_7/express-jobly/middleware/auth.js": {"path":"/Users/andres/Documents/Rithm/Exercises/Week_7/express-jobly/middleware/auth.js","statementMap":{"0":{"start":{"line":5,"column":12},"end":{"line":5,"column":35}},"1":{"start":{"line":6,"column":23},"end":{"line":6,"column":43}},"2":{"start":{"line":7,"column":30},"end":{"line":7,"column":56}},"3":{"start":{"line":19,"column":21},"end":{"line":19,"column":47}},"4":{"start":{"line":20,"column":2},"end":{"line":29,"column":3}},"5":{"start":{"line":22,"column":18},"end":{"line":22,"column":62}},"6":{"start":{"line":24,"column":4},"end":{"line":28,"column":5}},"7":{"start":{"line":25,"column":6},"end":{"line":25,"column":54}},"8":{"start":{"line":30,"column":2},"end":{"line":30,"column":16}},"9":{"start":{"line":40,"column":2},"end":{"line":40,"column":47}},"10":{"start":{"line":40,"column":33},"end":{"line":40,"column":47}},"11":{"start":{"line":41,"column":2},"end":{"line":41,"column":32}},"12":{"start":{"line":50,"column":2},"end":{"line":50,"column":55}},"13":{"start":{"line":50,"column":41},"end":{"line":50,"column":55}},"14":{"start":{"line":51,"column":2},"end":{"line":51,"column":62}},"15":{"start":{"line":60,"column":32},"end":{"line":60,"column":47}},"16":{"start":{"line":62,"column":2},"end":{"line":64,"column":3}},"17":{"start":{"line":63,"column":4},"end":{"line":63,"column":18}},"18":{"start":{"line":66,"column":2},"end":{"line":66,"column":76}},"19":{"start":{"line":70,"column":0},"end":{"line":75,"column":2}}},"fnMap":{"0":{"name":"authenticateJWT","decl":{"start":{"line":18,"column":9},"end":{"line":18,"column":24}},"loc":{"start":{"line":18,"column":41},"end":{"line":32,"column":1}},"line":18},"1":{"name":"ensureLoggedIn","decl":{"start":{"line":39,"column":9},"end":{"line":39,"column":23}},"loc":{"start":{"line":39,"column":40},"end":{"line":42,"column":1}},"line":39},"2":{"name":"ensureIsAdmin","decl":{"start":{"line":49,"column":9},"end":{"line":49,"column":22}},"loc":{"start":{"line":49,"column":39},"end":{"line":52,"column":1}},"line":49},"3":{"name":"ensureIsAdminOrUser","decl":{"start":{"line":59,"column":9},"end":{"line":59,"column":28}},"loc":{"start":{"line":59,"column":45},"end":{"line":67,"column":1}},"line":59}},"branchMap":{"0":{"loc":{"start":{"line":20,"column":2},"end":{"line":29,"column":3}},"type":"if","locations":[{"start":{"line":20,"column":2},"end":{"line":29,"column":3}},{"start":{},"end":{}}],"line":20},"1":{"loc":{"start":{"line":40,"column":2},"end":{"line":40,"column":47}},"type":"if","locations":[{"start":{"line":40,"column":2},"end":{"line":40,"column":47}},{"start":{},"end":{}}],"line":40},"2":{"loc":{"start":{"line":50,"column":2},"end":{"line":50,"column":55}},"type":"if","locations":[{"start":{"line":50,"column":2},"end":{"line":50,"column":55}},{"start":{},"end":{}}],"line":50},"3":{"loc":{"start":{"line":62,"column":2},"end":{"line":64,"column":3}},"type":"if","locations":[{"start":{"line":62,"column":2},"end":{"line":64,"column":3}},{"start":{},"end":{}}],"line":62},"4":{"loc":{"start":{"line":62,"column":6},"end":{"line":62,"column":58}},"type":"binary-expr","locations":[{"start":{"line":62,"column":6},"end":{"line":62,"column":38}},{"start":{"line":62,"column":42},"end":{"line":62,"column":58}}],"line":62}},"s":{"0":5,"1":5,"2":5,"3":58,"4":58,"5":33,"6":33,"7":33,"8":58,"9":41,"10":32,"11":9,"12":17,"13":14,"14":3,"15":14,"16":14,"17":11,"18":3,"19":5},"f":{"0":58,"1":41,"2":17,"3":14},"b":{"0":[33,25],"1":[32,9],"2":[14,3],"3":[11,3],"4":[14,11]},"_coverageSchema":"1a1c01bbd47fc00a2c39e90264f33305004495a9","hash":"5753cb3ed74a0f3b44cbbb6c22db5c2d43cd45a5"}
,"/Users/andres/Documents/Rithm/Exercises/Week_7/express-jobly/models/_testCommon.js": {"path":"/Users/andres/Documents/Rithm/Exercises/Week_7/express-jobly/models/_testCommon.js","statementMap":{"0":{"start":{"line":3,"column":15},"end":{"line":3,"column":32}},"1":{"start":{"line":5,"column":11},"end":{"line":5,"column":30}},"2":{"start":{"line":6,"column":43},"end":{"line":6,"column":63}},"3":{"start":{"line":10,"column":2},"end":{"line":10,"column":42}},"4":{"start":{"line":12,"column":2},"end":{"line":12,"column":38}},"5":{"start":{"line":14,"column":2},"end":{"line":18,"column":57}},"6":{"start":{"line":20,"column":2},"end":{"line":31,"column":5}},"7":{"start":{"line":36,"column":2},"end":{"line":36,"column":26}},"8":{"start":{"line":41,"column":2},"end":{"line":41,"column":29}},"9":{"start":{"line":46,"column":2},"end":{"line":46,"column":17}},"10":{"start":{"line":52,"column":0},"end":{"line":57,"column":2}}},"fnMap":{"0":{"name":"commonBeforeAll","decl":{"start":{"line":8,"column":15},"end":{"line":8,"column":30}},"loc":{"start":{"line":8,"column":33},"end":{"line":32,"column":1}},"line":8},"1":{"name":"commonBeforeEach","decl":{"start":{"line":35,"column":15},"end":{"line":35,"column":31}},"loc":{"start":{"line":35,"column":34},"end":{"line":37,"column":1}},"line":35},"2":{"name":"commonAfterEach","decl":{"start":{"line":40,"column":15},"end":{"line":40,"column":30}},"loc":{"start":{"line":40,"column":33},"end":{"line":42,"column":1}},"line":40},"3":{"name":"commonAfterAll","decl":{"start":{"line":45,"column":15},"end":{"line":45,"column":29}},"loc":{"start":{"line":45,"column":32},"end":{"line":47,"column":1}},"line":45}},"branchMap":{},"s":{"0":2,"1":2,"2":2,"3":2,"4":2,"5":2,"6":2,"7":30,"8":30,"9":2,"10":2},"f":{"0":2,"1":30,"2":30,"3":2},"b":{},"_coverageSchema":"1a1c01bbd47fc00a2c39e90264f33305004495a9","hash":"a0520b7df7727b57fecd3f32e8a10e90fc001f6a"}
,"/Users/andres/Documents/Rithm/Exercises/Week_7/express-jobly/models/company.js": {"path":"/Users/andres/Documents/Rithm/Exercises/Week_7/express-jobly/models/company.js","statementMap":{"0":{"start":{"line":3,"column":11},"end":{"line":3,"column":27}},"1":{"start":{"line":4,"column":43},"end":{"line":4,"column":69}},"2":{"start":{"line":5,"column":46},"end":{"line":5,"column":71}},"3":{"start":{"line":20,"column":27},"end":{"line":23,"column":37}},"4":{"start":{"line":25,"column":4},"end":{"line":26,"column":64}},"5":{"start":{"line":26,"column":6},"end":{"line":26,"column":64}},"6":{"start":{"line":28,"column":19},"end":{"line":47,"column":5}},"7":{"start":{"line":48,"column":20},"end":{"line":48,"column":34}},"8":{"start":{"line":50,"column":4},"end":{"line":50,"column":19}},"9":{"start":{"line":61,"column":4},"end":{"line":63,"column":5}},"10":{"start":{"line":62,"column":6},"end":{"line":62,"column":79}},"11":{"start":{"line":65,"column":19},"end":{"line":65,"column":51}},"12":{"start":{"line":67,"column":25},"end":{"line":76,"column":20}},"13":{"start":{"line":77,"column":4},"end":{"line":77,"column":29}},"14":{"start":{"line":101,"column":24},"end":{"line":101,"column":26}},"15":{"start":{"line":102,"column":19},"end":{"line":102,"column":21}},"16":{"start":{"line":104,"column":4},"end":{"line":107,"column":5}},"17":{"start":{"line":105,"column":6},"end":{"line":105,"column":35}},"18":{"start":{"line":106,"column":6},"end":{"line":106,"column":55}},"19":{"start":{"line":109,"column":4},"end":{"line":112,"column":5}},"20":{"start":{"line":110,"column":6},"end":{"line":110,"column":32}},"21":{"start":{"line":111,"column":6},"end":{"line":111,"column":61}},"22":{"start":{"line":114,"column":4},"end":{"line":117,"column":5}},"23":{"start":{"line":115,"column":6},"end":{"line":115,"column":32}},"24":{"start":{"line":116,"column":6},"end":{"line":116,"column":61}},"25":{"start":{"line":119,"column":4},"end":{"line":123,"column":6}},"26":{"start":{"line":135,"column":23},"end":{"line":142,"column":37}},"27":{"start":{"line":144,"column":20},"end":{"line":144,"column":38}},"28":{"start":{"line":146,"column":4},"end":{"line":146,"column":67}},"29":{"start":{"line":146,"column":18},"end":{"line":146,"column":67}},"30":{"start":{"line":148,"column":4},"end":{"line":148,"column":19}},"31":{"start":{"line":164,"column":32},"end":{"line":169,"column":8}},"32":{"start":{"line":170,"column":25},"end":{"line":170,"column":50}},"33":{"start":{"line":172,"column":21},"end":{"line":181,"column":34}},"34":{"start":{"line":182,"column":19},"end":{"line":182,"column":64}},"35":{"start":{"line":183,"column":20},"end":{"line":183,"column":34}},"36":{"start":{"line":185,"column":4},"end":{"line":185,"column":67}},"37":{"start":{"line":185,"column":18},"end":{"line":185,"column":67}},"38":{"start":{"line":187,"column":4},"end":{"line":187,"column":19}},"39":{"start":{"line":196,"column":19},"end":{"line":200,"column":36}},"40":{"start":{"line":201,"column":20},"end":{"line":201,"column":34}},"41":{"start":{"line":203,"column":4},"end":{"line":203,"column":67}},"42":{"start":{"line":203,"column":18},"end":{"line":203,"column":67}},"43":{"start":{"line":208,"column":0},"end":{"line":208,"column":25}}},"fnMap":{"0":{"name":"(anonymous_0)","decl":{"start":{"line":19,"column":2},"end":{"line":19,"column":3}},"loc":{"start":{"line":19,"column":76},"end":{"line":51,"column":3}},"line":19},"1":{"name":"(anonymous_1)","decl":{"start":{"line":59,"column":2},"end":{"line":59,"column":3}},"loc":{"start":{"line":59,"column":35},"end":{"line":78,"column":3}},"line":59},"2":{"name":"(anonymous_2)","decl":{"start":{"line":99,"column":2},"end":{"line":99,"column":3}},"loc":{"start":{"line":99,"column":69},"end":{"line":124,"column":3}},"line":99},"3":{"name":"(anonymous_3)","decl":{"start":{"line":134,"column":2},"end":{"line":134,"column":3}},"loc":{"start":{"line":134,"column":27},"end":{"line":149,"column":3}},"line":134},"4":{"name":"(anonymous_4)","decl":{"start":{"line":163,"column":2},"end":{"line":163,"column":3}},"loc":{"start":{"line":163,"column":36},"end":{"line":188,"column":3}},"line":163},"5":{"name":"(anonymous_5)","decl":{"start":{"line":195,"column":2},"end":{"line":195,"column":3}},"loc":{"start":{"line":195,"column":30},"end":{"line":204,"column":3}},"line":195}},"branchMap":{"0":{"loc":{"start":{"line":25,"column":4},"end":{"line":26,"column":64}},"type":"if","locations":[{"start":{"line":25,"column":4},"end":{"line":26,"column":64}},{"start":{},"end":{}}],"line":25},"1":{"loc":{"start":{"line":59,"column":23},"end":{"line":59,"column":33}},"type":"default-arg","locations":[{"start":{"line":59,"column":31},"end":{"line":59,"column":33}}],"line":59},"2":{"loc":{"start":{"line":61,"column":4},"end":{"line":63,"column":5}},"type":"if","locations":[{"start":{"line":61,"column":4},"end":{"line":63,"column":5}},{"start":{},"end":{}}],"line":61},"3":{"loc":{"start":{"line":104,"column":4},"end":{"line":107,"column":5}},"type":"if","locations":[{"start":{"line":104,"column":4},"end":{"line":107,"column":5}},{"start":{},"end":{}}],"line":104},"4":{"loc":{"start":{"line":109,"column":4},"end":{"line":112,"column":5}},"type":"if","locations":[{"start":{"line":109,"column":4},"end":{"line":112,"column":5}},{"start":{},"end":{}}],"line":109},"5":{"loc":{"start":{"line":114,"column":4},"end":{"line":117,"column":5}},"type":"if","locations":[{"start":{"line":114,"column":4},"end":{"line":117,"column":5}},{"start":{},"end":{}}],"line":114},"6":{"loc":{"start":{"line":120,"column":18},"end":{"line":121,"column":49}},"type":"cond-expr","locations":[{"start":{"line":121,"column":8},"end":{"line":121,"column":44}},{"start":{"line":121,"column":47},"end":{"line":121,"column":49}}],"line":120},"7":{"loc":{"start":{"line":146,"column":4},"end":{"line":146,"column":67}},"type":"if","locations":[{"start":{"line":146,"column":4},"end":{"line":146,"column":67}},{"start":{},"end":{}}],"line":146},"8":{"loc":{"start":{"line":185,"column":4},"end":{"line":185,"column":67}},"type":"if","locations":[{"start":{"line":185,"column":4},"end":{"line":185,"column":67}},{"start":{},"end":{}}],"line":185},"9":{"loc":{"start":{"line":203,"column":4},"end":{"line":203,"column":67}},"type":"if","locations":[{"start":{"line":203,"column":4},"end":{"line":203,"column":67}},{"start":{},"end":{}}],"line":203}},"s":{"0":5,"1":5,"2":5,"3":13,"4":13,"5":1,"6":12,"7":12,"8":12,"9":6,"10":1,"11":5,"12":5,"13":5,"14":6,"15":6,"16":6,"17":3,"18":3,"19":6,"20":3,"21":3,"22":6,"23":4,"24":4,"25":6,"26":5,"27":5,"28":5,"29":2,"30":3,"31":6,"32":5,"33":5,"34":5,"35":5,"36":5,"37":2,"38":3,"39":4,"40":4,"41":4,"42":2,"43":5},"f":{"0":13,"1":6,"2":6,"3":5,"4":6,"5":4},"b":{"0":[1,12],"1":[1],"2":[1,5],"3":[3,3],"4":[3,3],"5":[4,2],"6":[4,2],"7":[2,3],"8":[2,3],"9":[2,2]},"_coverageSchema":"1a1c01bbd47fc00a2c39e90264f33305004495a9","hash":"fba04c53b92d0262bc8ce2e3b520cb06bac4088c"}
,"/Users/andres/Documents/Rithm/Exercises/Week_7/express-jobly/models/user.js": {"path":"/Users/andres/Documents/Rithm/Exercises/Week_7/express-jobly/models/user.js","statementMap":{"0":{"start":{"line":3,"column":11},"end":{"line":3,"column":27}},"1":{"start":{"line":4,"column":15},"end":{"line":4,"column":32}},"2":{"start":{"line":5,"column":32},"end":{"line":5,"column":57}},"3":{"start":{"line":10,"column":4},"end":{"line":10,"column":30}},"4":{"start":{"line":12,"column":31},"end":{"line":12,"column":54}},"5":{"start":{"line":26,"column":19},"end":{"line":35,"column":5}},"6":{"start":{"line":37,"column":17},"end":{"line":37,"column":31}},"7":{"start":{"line":39,"column":4},"end":{"line":46,"column":5}},"8":{"start":{"line":41,"column":22},"end":{"line":41,"column":67}},"9":{"start":{"line":42,"column":6},"end":{"line":45,"column":7}},"10":{"start":{"line":43,"column":8},"end":{"line":43,"column":29}},"11":{"start":{"line":44,"column":8},"end":{"line":44,"column":20}},"12":{"start":{"line":48,"column":4},"end":{"line":48,"column":61}},"13":{"start":{"line":60,"column":27},"end":{"line":64,"column":5}},"14":{"start":{"line":66,"column":4},"end":{"line":68,"column":5}},"15":{"start":{"line":67,"column":6},"end":{"line":67,"column":67}},"16":{"start":{"line":70,"column":27},"end":{"line":70,"column":74}},"17":{"start":{"line":72,"column":19},"end":{"line":94,"column":5}},"18":{"start":{"line":96,"column":17},"end":{"line":96,"column":31}},"19":{"start":{"line":98,"column":4},"end":{"line":98,"column":16}},"20":{"start":{"line":107,"column":19},"end":{"line":115,"column":5}},"21":{"start":{"line":117,"column":4},"end":{"line":117,"column":23}},"22":{"start":{"line":129,"column":20},"end":{"line":137,"column":5}},"23":{"start":{"line":139,"column":17},"end":{"line":139,"column":32}},"24":{"start":{"line":141,"column":4},"end":{"line":141,"column":63}},"25":{"start":{"line":141,"column":15},"end":{"line":141,"column":63}},"26":{"start":{"line":143,"column":4},"end":{"line":143,"column":16}},"27":{"start":{"line":164,"column":4},"end":{"line":166,"column":5}},"28":{"start":{"line":165,"column":6},"end":{"line":165,"column":75}},"29":{"start":{"line":168,"column":32},"end":{"line":174,"column":10}},"30":{"start":{"line":175,"column":27},"end":{"line":175,"column":52}},"31":{"start":{"line":177,"column":21},"end":{"line":185,"column":34}},"32":{"start":{"line":186,"column":19},"end":{"line":186,"column":66}},"33":{"start":{"line":187,"column":17},"end":{"line":187,"column":31}},"34":{"start":{"line":189,"column":4},"end":{"line":189,"column":63}},"35":{"start":{"line":189,"column":15},"end":{"line":189,"column":63}},"36":{"start":{"line":191,"column":4},"end":{"line":191,"column":25}},"37":{"start":{"line":192,"column":4},"end":{"line":192,"column":16}},"38":{"start":{"line":198,"column":17},"end":{"line":203,"column":5}},"39":{"start":{"line":204,"column":17},"end":{"line":204,"column":31}},"40":{"start":{"line":206,"column":4},"end":{"line":206,"column":63}},"41":{"start":{"line":206,"column":15},"end":{"line":206,"column":63}},"42":{"start":{"line":211,"column":0},"end":{"line":211,"column":22}}},"fnMap":{"0":{"name":"(anonymous_0)","decl":{"start":{"line":24,"column":2},"end":{"line":24,"column":3}},"loc":{"start":{"line":24,"column":48},"end":{"line":49,"column":3}},"line":24},"1":{"name":"(anonymous_1)","decl":{"start":{"line":58,"column":2},"end":{"line":58,"column":3}},"loc":{"start":{"line":59,"column":67},"end":{"line":99,"column":3}},"line":59},"2":{"name":"(anonymous_2)","decl":{"start":{"line":106,"column":2},"end":{"line":106,"column":3}},"loc":{"start":{"line":106,"column":25},"end":{"line":118,"column":3}},"line":106},"3":{"name":"(anonymous_3)","decl":{"start":{"line":128,"column":2},"end":{"line":128,"column":3}},"loc":{"start":{"line":128,"column":29},"end":{"line":144,"column":3}},"line":128},"4":{"name":"(anonymous_4)","decl":{"start":{"line":163,"column":2},"end":{"line":163,"column":3}},"loc":{"start":{"line":163,"column":38},"end":{"line":193,"column":3}},"line":163},"5":{"name":"(anonymous_5)","decl":{"start":{"line":197,"column":2},"end":{"line":197,"column":3}},"loc":{"start":{"line":197,"column":32},"end":{"line":207,"column":3}},"line":197}},"branchMap":{"0":{"loc":{"start":{"line":39,"column":4},"end":{"line":46,"column":5}},"type":"if","locations":[{"start":{"line":39,"column":4},"end":{"line":46,"column":5}},{"start":{},"end":{}}],"line":39},"1":{"loc":{"start":{"line":42,"column":6},"end":{"line":45,"column":7}},"type":"if","locations":[{"start":{"line":42,"column":6},"end":{"line":45,"column":7}},{"start":{},"end":{}}],"line":42},"2":{"loc":{"start":{"line":66,"column":4},"end":{"line":68,"column":5}},"type":"if","locations":[{"start":{"line":66,"column":4},"end":{"line":68,"column":5}},{"start":{},"end":{}}],"line":66},"3":{"loc":{"start":{"line":141,"column":4},"end":{"line":141,"column":63}},"type":"if","locations":[{"start":{"line":141,"column":4},"end":{"line":141,"column":63}},{"start":{},"end":{}}],"line":141},"4":{"loc":{"start":{"line":164,"column":4},"end":{"line":166,"column":5}},"type":"if","locations":[{"start":{"line":164,"column":4},"end":{"line":166,"column":5}},{"start":{},"end":{}}],"line":164},"5":{"loc":{"start":{"line":189,"column":4},"end":{"line":189,"column":63}},"type":"if","locations":[{"start":{"line":189,"column":4},"end":{"line":189,"column":63}},{"start":{},"end":{}}],"line":189},"6":{"loc":{"start":{"line":206,"column":4},"end":{"line":206,"column":63}},"type":"if","locations":[{"start":{"line":206,"column":4},"end":{"line":206,"column":63}},{"start":{},"end":{}}],"line":206}},"s":{"0":5,"1":5,"2":5,"3":5,"4":5,"5":7,"6":7,"7":7,"8":4,"9":4,"10":3,"11":3,"12":4,"13":16,"14":16,"15":1,"16":15,"17":15,"18":15,"19":15,"20":2,"21":2,"22":5,"23":5,"24":5,"25":2,"26":3,"27":8,"28":2,"29":8,"30":7,"31":7,"32":7,"33":7,"34":7,"35":2,"36":5,"37":5,"38":5,"39":5,"40":5,"41":2,"42":5},"f":{"0":7,"1":16,"2":2,"3":5,"4":8,"5":5},"b":{"0":[4,3],"1":[3,1],"2":[1,15],"3":[2,3],"4":[2,6],"5":[2,5],"6":[2,3]},"_coverageSchema":"1a1c01bbd47fc00a2c39e90264f33305004495a9","hash":"996637204a4472a49aa0b8764b129e62b7ebf11f"}
,"/Users/andres/Documents/Rithm/Exercises/Week_7/express-jobly/routes/_testCommon.js": {"path":"/Users/andres/Documents/Rithm/Exercises/Week_7/express-jobly/routes/_testCommon.js","statementMap":{"0":{"start":{"line":3,"column":11},"end":{"line":3,"column":30}},"1":{"start":{"line":4,"column":13},"end":{"line":4,"column":38}},"2":{"start":{"line":5,"column":16},"end":{"line":5,"column":44}},"3":{"start":{"line":6,"column":24},"end":{"line":6,"column":52}},"4":{"start":{"line":10,"column":2},"end":{"line":10,"column":38}},"5":{"start":{"line":12,"column":2},"end":{"line":12,"column":42}},"6":{"start":{"line":14,"column":2},"end":{"line":21,"column":7}},"7":{"start":{"line":22,"column":2},"end":{"line":29,"column":7}},"8":{"start":{"line":30,"column":2},"end":{"line":37,"column":7}},"9":{"start":{"line":39,"column":2},"end":{"line":46,"column":5}},"10":{"start":{"line":47,"column":2},"end":{"line":54,"column":5}},"11":{"start":{"line":55,"column":2},"end":{"line":62,"column":5}},"12":{"start":{"line":66,"column":2},"end":{"line":66,"column":26}},"13":{"start":{"line":70,"column":2},"end":{"line":70,"column":29}},"14":{"start":{"line":74,"column":2},"end":{"line":74,"column":17}},"15":{"start":{"line":77,"column":19},"end":{"line":80,"column":2}},"16":{"start":{"line":83,"column":22},"end":{"line":86,"column":2}},"17":{"start":{"line":88,"column":20},"end":{"line":91,"column":2}},"18":{"start":{"line":94,"column":0},"end":{"line":102,"column":2}}},"fnMap":{"0":{"name":"commonBeforeAll","decl":{"start":{"line":8,"column":15},"end":{"line":8,"column":30}},"loc":{"start":{"line":8,"column":33},"end":{"line":63,"column":1}},"line":8},"1":{"name":"commonBeforeEach","decl":{"start":{"line":65,"column":15},"end":{"line":65,"column":31}},"loc":{"start":{"line":65,"column":34},"end":{"line":67,"column":1}},"line":65},"2":{"name":"commonAfterEach","decl":{"start":{"line":69,"column":15},"end":{"line":69,"column":30}},"loc":{"start":{"line":69,"column":33},"end":{"line":71,"column":1}},"line":69},"3":{"name":"commonAfterAll","decl":{"start":{"line":73,"column":15},"end":{"line":73,"column":29}},"loc":{"start":{"line":73,"column":32},"end":{"line":75,"column":1}},"line":73}},"branchMap":{},"s":{"0":3,"1":3,"2":3,"3":3,"4":3,"5":3,"6":3,"7":3,"8":3,"9":3,"10":3,"11":3,"12":53,"13":53,"14":3,"15":3,"16":3,"17":3,"18":3},"f":{"0":3,"1":53,"2":53,"3":3},"b":{},"_coverageSchema":"1a1c01bbd47fc00a2c39e90264f33305004495a9","hash":"ee7e28605c47045031f22e27cbcbaa32f471032f"}
,"/Users/andres/Documents/Rithm/Exercises/Week_7/express-jobly/routes/auth.js": {"path":"/Users/andres/Documents/Rithm/Exercises/Week_7/express-jobly/routes/auth.js","statementMap":{"0":{"start":{"line":5,"column":19},"end":{"line":5,"column":40}},"1":{"start":{"line":7,"column":13},"end":{"line":7,"column":38}},"2":{"start":{"line":8,"column":16},"end":{"line":8,"column":34}},"3":{"start":{"line":9,"column":15},"end":{"line":9,"column":35}},"4":{"start":{"line":10,"column":24},"end":{"line":10,"column":52}},"5":{"start":{"line":11,"column":23},"end":{"line":11,"column":58}},"6":{"start":{"line":12,"column":27},"end":{"line":12,"column":66}},"7":{"start":{"line":13,"column":28},"end":{"line":13,"column":54}},"8":{"start":{"line":22,"column":0},"end":{"line":37,"column":3}},"9":{"start":{"line":23,"column":20},"end":{"line":27,"column":3}},"10":{"start":{"line":28,"column":2},"end":{"line":31,"column":3}},"11":{"start":{"line":29,"column":17},"end":{"line":29,"column":51}},"12":{"start":{"line":29,"column":43},"end":{"line":29,"column":50}},"13":{"start":{"line":30,"column":4},"end":{"line":30,"column":36}},"14":{"start":{"line":33,"column":33},"end":{"line":33,"column":41}},"15":{"start":{"line":34,"column":15},"end":{"line":34,"column":58}},"16":{"start":{"line":35,"column":16},"end":{"line":35,"column":33}},"17":{"start":{"line":36,"column":2},"end":{"line":36,"column":29}},"18":{"start":{"line":49,"column":0},"end":{"line":63,"column":3}},"19":{"start":{"line":50,"column":20},"end":{"line":54,"column":3}},"20":{"start":{"line":55,"column":2},"end":{"line":58,"column":3}},"21":{"start":{"line":56,"column":17},"end":{"line":56,"column":51}},"22":{"start":{"line":56,"column":43},"end":{"line":56,"column":50}},"23":{"start":{"line":57,"column":4},"end":{"line":57,"column":36}},"24":{"start":{"line":60,"column":18},"end":{"line":60,"column":70}},"25":{"start":{"line":61,"column":16},"end":{"line":61,"column":36}},"26":{"start":{"line":62,"column":2},"end":{"line":62,"column":41}},"27":{"start":{"line":66,"column":0},"end":{"line":66,"column":24}}},"fnMap":{"0":{"name":"(anonymous_0)","decl":{"start":{"line":22,"column":22},"end":{"line":22,"column":23}},"loc":{"start":{"line":22,"column":54},"end":{"line":37,"column":1}},"line":22},"1":{"name":"(anonymous_1)","decl":{"start":{"line":29,"column":38},"end":{"line":29,"column":39}},"loc":{"start":{"line":29,"column":43},"end":{"line":29,"column":50}},"line":29},"2":{"name":"(anonymous_2)","decl":{"start":{"line":49,"column":25},"end":{"line":49,"column":26}},"loc":{"start":{"line":49,"column":57},"end":{"line":63,"column":1}},"line":49},"3":{"name":"(anonymous_3)","decl":{"start":{"line":56,"column":38},"end":{"line":56,"column":39}},"loc":{"start":{"line":56,"column":43},"end":{"line":56,"column":50}},"line":56}},"branchMap":{"0":{"loc":{"start":{"line":28,"column":2},"end":{"line":31,"column":3}},"type":"if","locations":[{"start":{"line":28,"column":2},"end":{"line":31,"column":3}},{"start":{},"end":{}}],"line":28},"1":{"loc":{"start":{"line":55,"column":2},"end":{"line":58,"column":3}},"type":"if","locations":[{"start":{"line":55,"column":2},"end":{"line":58,"column":3}},{"start":{},"end":{}}],"line":55}},"s":{"0":4,"1":4,"2":4,"3":4,"4":4,"5":4,"6":4,"7":4,"8":4,"9":5,"10":5,"11":2,"12":2,"13":2,"14":3,"15":3,"16":1,"17":1,"18":4,"19":3,"20":3,"21":2,"22":5,"23":2,"24":1,"25":1,"26":1,"27":4},"f":{"0":5,"1":2,"2":3,"3":5},"b":{"0":[2,3],"1":[2,1]},"_coverageSchema":"1a1c01bbd47fc00a2c39e90264f33305004495a9","hash":"38ac5f9fde20d67c427053a390dd9a172cc691b9"}
,"/Users/andres/Documents/Rithm/Exercises/Week_7/express-jobly/routes/companies.js": {"path":"/Users/andres/Documents/Rithm/Exercises/Week_7/express-jobly/routes/companies.js","statementMap":{"0":{"start":{"line":6,"column":19},"end":{"line":6,"column":40}},"1":{"start":{"line":7,"column":16},"end":{"line":7,"column":34}},"2":{"start":{"line":9,"column":28},"end":{"line":9,"column":54}},"3":{"start":{"line":10,"column":42},"end":{"line":10,"column":71}},"4":{"start":{"line":11,"column":16},"end":{"line":11,"column":44}},"5":{"start":{"line":13,"column":43},"end":{"line":13,"column":68}},"6":{"start":{"line":15,"column":25},"end":{"line":15,"column":62}},"7":{"start":{"line":16,"column":28},"end":{"line":16,"column":68}},"8":{"start":{"line":17,"column":28},"end":{"line":17,"column":68}},"9":{"start":{"line":19,"column":15},"end":{"line":19,"column":35}},"10":{"start":{"line":31,"column":0},"end":{"line":47,"column":5}},"11":{"start":{"line":35,"column":22},"end":{"line":39,"column":5}},"12":{"start":{"line":40,"column":4},"end":{"line":43,"column":5}},"13":{"start":{"line":41,"column":19},"end":{"line":41,"column":53}},"14":{"start":{"line":41,"column":45},"end":{"line":41,"column":52}},"15":{"start":{"line":42,"column":6},"end":{"line":42,"column":38}},"16":{"start":{"line":45,"column":20},"end":{"line":45,"column":50}},"17":{"start":{"line":46,"column":4},"end":{"line":46,"column":45}},"18":{"start":{"line":60,"column":0},"end":{"line":86,"column":3}},"19":{"start":{"line":62,"column":16},"end":{"line":62,"column":25}},"20":{"start":{"line":66,"column":2},"end":{"line":67,"column":43}},"21":{"start":{"line":69,"column":2},"end":{"line":70,"column":43}},"22":{"start":{"line":72,"column":18},"end":{"line":75,"column":23}},"23":{"start":{"line":78,"column":2},"end":{"line":81,"column":3}},"24":{"start":{"line":79,"column":17},"end":{"line":79,"column":49}},"25":{"start":{"line":79,"column":41},"end":{"line":79,"column":48}},"26":{"start":{"line":80,"column":4},"end":{"line":80,"column":36}},"27":{"start":{"line":83,"column":20},"end":{"line":83,"column":48}},"28":{"start":{"line":85,"column":2},"end":{"line":85,"column":33}},"29":{"start":{"line":96,"column":0},"end":{"line":99,"column":3}},"30":{"start":{"line":97,"column":18},"end":{"line":97,"column":54}},"31":{"start":{"line":98,"column":2},"end":{"line":98,"column":31}},"32":{"start":{"line":112,"column":0},"end":{"line":128,"column":5}},"33":{"start":{"line":116,"column":22},"end":{"line":120,"column":5}},"34":{"start":{"line":121,"column":4},"end":{"line":124,"column":5}},"35":{"start":{"line":122,"column":19},"end":{"line":122,"column":53}},"36":{"start":{"line":122,"column":45},"end":{"line":122,"column":52}},"37":{"start":{"line":123,"column":6},"end":{"line":123,"column":38}},"38":{"start":{"line":126,"column":20},"end":{"line":126,"column":69}},"39":{"start":{"line":127,"column":4},"end":{"line":127,"column":33}},"40":{"start":{"line":135,"column":0},"end":{"line":141,"column":5}},"41":{"start":{"line":139,"column":4},"end":{"line":139,"column":44}},"42":{"start":{"line":140,"column":4},"end":{"line":140,"column":52}},"43":{"start":{"line":144,"column":0},"end":{"line":144,"column":24}}},"fnMap":{"0":{"name":"(anonymous_0)","decl":{"start":{"line":34,"column":2},"end":{"line":34,"column":3}},"loc":{"start":{"line":34,"column":34},"end":{"line":47,"column":3}},"line":34},"1":{"name":"(anonymous_1)","decl":{"start":{"line":41,"column":40},"end":{"line":41,"column":41}},"loc":{"start":{"line":41,"column":45},"end":{"line":41,"column":52}},"line":41},"2":{"name":"(anonymous_2)","decl":{"start":{"line":60,"column":16},"end":{"line":60,"column":17}},"loc":{"start":{"line":60,"column":48},"end":{"line":86,"column":1}},"line":60},"3":{"name":"(anonymous_3)","decl":{"start":{"line":79,"column":36},"end":{"line":79,"column":37}},"loc":{"start":{"line":79,"column":41},"end":{"line":79,"column":48}},"line":79},"4":{"name":"(anonymous_4)","decl":{"start":{"line":96,"column":23},"end":{"line":96,"column":24}},"loc":{"start":{"line":96,"column":55},"end":{"line":99,"column":1}},"line":96},"5":{"name":"(anonymous_5)","decl":{"start":{"line":115,"column":2},"end":{"line":115,"column":3}},"loc":{"start":{"line":115,"column":34},"end":{"line":128,"column":3}},"line":115},"6":{"name":"(anonymous_6)","decl":{"start":{"line":122,"column":40},"end":{"line":122,"column":41}},"loc":{"start":{"line":122,"column":45},"end":{"line":122,"column":52}},"line":122},"7":{"name":"(anonymous_7)","decl":{"start":{"line":138,"column":2},"end":{"line":138,"column":3}},"loc":{"start":{"line":138,"column":34},"end":{"line":141,"column":3}},"line":138}},"branchMap":{"0":{"loc":{"start":{"line":40,"column":4},"end":{"line":43,"column":5}},"type":"if","locations":[{"start":{"line":40,"column":4},"end":{"line":43,"column":5}},{"start":{},"end":{}}],"line":40},"1":{"loc":{"start":{"line":66,"column":23},"end":{"line":67,"column":42}},"type":"cond-expr","locations":[{"start":{"line":67,"column":4},"end":{"line":67,"column":30}},{"start":{"line":67,"column":33},"end":{"line":67,"column":42}}],"line":66},"2":{"loc":{"start":{"line":69,"column":23},"end":{"line":70,"column":42}},"type":"cond-expr","locations":[{"start":{"line":70,"column":4},"end":{"line":70,"column":30}},{"start":{"line":70,"column":33},"end":{"line":70,"column":42}}],"line":69},"3":{"loc":{"start":{"line":78,"column":2},"end":{"line":81,"column":3}},"type":"if","locations":[{"start":{"line":78,"column":2},"end":{"line":81,"column":3}},{"start":{},"end":{}}],"line":78},"4":{"loc":{"start":{"line":121,"column":4},"end":{"line":124,"column":5}},"type":"if","locations":[{"start":{"line":121,"column":4},"end":{"line":124,"column":5}},{"start":{},"end":{}}],"line":121}},"s":{"0":4,"1":4,"2":4,"3":4,"4":4,"5":4,"6":4,"7":4,"8":4,"9":4,"10":4,"11":3,"12":3,"13":2,"14":3,"15":2,"16":1,"17":1,"18":4,"19":4,"20":4,"21":4,"22":4,"23":4,"24":1,"25":2,"26":1,"27":3,"28":2,"29":4,"30":3,"31":2,"32":4,"33":4,"34":4,"35":2,"36":2,"37":2,"38":2,"39":1,"40":4,"41":2,"42":1,"43":4},"f":{"0":3,"1":3,"2":4,"3":2,"4":3,"5":4,"6":2,"7":2},"b":{"0":[2,1],"1":[3,1],"2":[2,2],"3":[1,3],"4":[2,2]},"_coverageSchema":"1a1c01bbd47fc00a2c39e90264f33305004495a9","hash":"b78d4b2fd5d9bedb207a1f75ba4662ea9dff1041"}
,"/Users/andres/Documents/Rithm/Exercises/Week_7/express-jobly/routes/users.js": {"path":"/Users/andres/Documents/Rithm/Exercises/Week_7/express-jobly/routes/users.js","statementMap":{"0":{"start":{"line":5,"column":19},"end":{"line":5,"column":40}},"1":{"start":{"line":7,"column":16},"end":{"line":7,"column":34}},"2":{"start":{"line":8,"column":69},"end":{"line":8,"column":98}},"3":{"start":{"line":9,"column":28},"end":{"line":9,"column":54}},"4":{"start":{"line":10,"column":13},"end":{"line":10,"column":38}},"5":{"start":{"line":11,"column":24},"end":{"line":11,"column":52}},"6":{"start":{"line":12,"column":22},"end":{"line":12,"column":56}},"7":{"start":{"line":13,"column":25},"end":{"line":13,"column":62}},"8":{"start":{"line":15,"column":15},"end":{"line":15,"column":31}},"9":{"start":{"line":30,"column":0},"end":{"line":48,"column":5}},"10":{"start":{"line":35,"column":22},"end":{"line":39,"column":5}},"11":{"start":{"line":40,"column":4},"end":{"line":43,"column":5}},"12":{"start":{"line":41,"column":19},"end":{"line":41,"column":53}},"13":{"start":{"line":41,"column":45},"end":{"line":41,"column":52}},"14":{"start":{"line":42,"column":6},"end":{"line":42,"column":38}},"15":{"start":{"line":45,"column":17},"end":{"line":45,"column":46}},"16":{"start":{"line":46,"column":18},"end":{"line":46,"column":35}},"17":{"start":{"line":47,"column":4},"end":{"line":47,"column":49}},"18":{"start":{"line":58,"column":0},"end":{"line":65,"column":5}},"19":{"start":{"line":63,"column":18},"end":{"line":63,"column":38}},"20":{"start":{"line":64,"column":4},"end":{"line":64,"column":31}},"21":{"start":{"line":75,"column":0},"end":{"line":82,"column":5}},"22":{"start":{"line":80,"column":17},"end":{"line":80,"column":52}},"23":{"start":{"line":81,"column":4},"end":{"line":81,"column":30}},"24":{"start":{"line":95,"column":0},"end":{"line":112,"column":5}},"25":{"start":{"line":100,"column":22},"end":{"line":104,"column":5}},"26":{"start":{"line":105,"column":4},"end":{"line":108,"column":5}},"27":{"start":{"line":106,"column":19},"end":{"line":106,"column":53}},"28":{"start":{"line":106,"column":45},"end":{"line":106,"column":52}},"29":{"start":{"line":107,"column":6},"end":{"line":107,"column":38}},"30":{"start":{"line":110,"column":17},"end":{"line":110,"column":65}},"31":{"start":{"line":111,"column":4},"end":{"line":111,"column":30}},"32":{"start":{"line":120,"column":0},"end":{"line":127,"column":5}},"33":{"start":{"line":125,"column":4},"end":{"line":125,"column":43}},"34":{"start":{"line":126,"column":4},"end":{"line":126,"column":54}},"35":{"start":{"line":130,"column":0},"end":{"line":130,"column":24}}},"fnMap":{"0":{"name":"(anonymous_0)","decl":{"start":{"line":34,"column":2},"end":{"line":34,"column":3}},"loc":{"start":{"line":34,"column":34},"end":{"line":48,"column":3}},"line":34},"1":{"name":"(anonymous_1)","decl":{"start":{"line":41,"column":40},"end":{"line":41,"column":41}},"loc":{"start":{"line":41,"column":45},"end":{"line":41,"column":52}},"line":41},"2":{"name":"(anonymous_2)","decl":{"start":{"line":62,"column":2},"end":{"line":62,"column":3}},"loc":{"start":{"line":62,"column":34},"end":{"line":65,"column":3}},"line":62},"3":{"name":"(anonymous_3)","decl":{"start":{"line":79,"column":2},"end":{"line":79,"column":3}},"loc":{"start":{"line":79,"column":34},"end":{"line":82,"column":3}},"line":79},"4":{"name":"(anonymous_4)","decl":{"start":{"line":99,"column":2},"end":{"line":99,"column":3}},"loc":{"start":{"line":99,"column":34},"end":{"line":112,"column":3}},"line":99},"5":{"name":"(anonymous_5)","decl":{"start":{"line":106,"column":40},"end":{"line":106,"column":41}},"loc":{"start":{"line":106,"column":45},"end":{"line":106,"column":52}},"line":106},"6":{"name":"(anonymous_6)","decl":{"start":{"line":124,"column":2},"end":{"line":124,"column":3}},"loc":{"start":{"line":124,"column":34},"end":{"line":127,"column":3}},"line":124}},"branchMap":{"0":{"loc":{"start":{"line":40,"column":4},"end":{"line":43,"column":5}},"type":"if","locations":[{"start":{"line":40,"column":4},"end":{"line":43,"column":5}},{"start":{},"end":{}}],"line":40},"1":{"loc":{"start":{"line":105,"column":4},"end":{"line":108,"column":5}},"type":"if","locations":[{"start":{"line":105,"column":4},"end":{"line":108,"column":5}},{"start":{},"end":{}}],"line":105}},"s":{"0":4,"1":4,"2":4,"3":4,"4":4,"5":4,"6":4,"7":4,"8":4,"9":4,"10":4,"11":4,"12":2,"13":5,"14":2,"15":2,"16":2,"17":2,"18":4,"19":1,"20":1,"21":4,"22":3,"23":2,"24":4,"25":5,"26":5,"27":1,"28":1,"29":1,"30":4,"31":3,"32":4,"33":3,"34":2,"35":4},"f":{"0":4,"1":5,"2":1,"3":3,"4":5,"5":1,"6":3},"b":{"0":[2,2],"1":[1,4]},"_coverageSchema":"1a1c01bbd47fc00a2c39e90264f33305004495a9","hash":"c0c2e7c49a068a1bce733685b8c47b34a97d7b4b"}
}
