TN:
SF:app.js
FN:30,(anonymous_0)
FN:35,(anonymous_1)
FNF:2
FNH:2
FNDA:2,(anonymous_0)
FNDA:33,(anonymous_1)
DA:5,4
DA:6,4
DA:8,4
DA:10,4
DA:11,4
DA:12,4
DA:13,4
DA:15,4
DA:17,4
DA:19,4
DA:20,4
DA:21,4
DA:22,4
DA:24,4
DA:25,4
DA:26,4
DA:30,4
DA:31,2
DA:35,4
DA:36,33
DA:39,33
DA:41,33
DA:46,4
LF:23
LH:23
BRDA:36,0,0,1
BRDA:36,0,1,32
BRF:2
BRH:2
end_of_record
TN:
SF:config.js
FN:13,getDatabaseUri
FNF:1
FNH:1
FNDA:10,getDatabaseUri
DA:5,9
DA:6,9
DA:8,9
DA:10,9
DA:14,10
DA:21,9
DA:23,9
DA:24,1
DA:34,9
LF:9
LH:9
BRDA:8,0,0,9
BRDA:8,0,1,8
BRDA:10,1,0,9
BRDA:10,1,1,8
BRDA:14,2,0,7
BRDA:14,2,1,3
BRDA:16,3,0,3
BRDA:16,3,1,1
BRDA:21,4,0,8
BRDA:21,4,1,1
BRDA:23,5,0,1
BRDA:23,5,1,8
BRF:12
BRH:12
end_of_record
TN:
SF:db.js
FN:14,connectDb
FNF:1
FNH:1
FNDA:6,connectDb
DA:5,6
DA:6,6
DA:8,6
DA:10,6
DA:16,6
DA:17,6
DA:18,6
DA:19,6
DA:25,6
DA:27,6
LF:10
LH:10
BRF:0
BRH:0
end_of_record
TN:
SF:expressError.js
FN:10,(anonymous_0)
FN:20,(anonymous_1)
FN:28,(anonymous_2)
FN:36,(anonymous_3)
FN:44,(anonymous_4)
FNF:5
FNH:4
FNDA:48,(anonymous_0)
FNDA:12,(anonymous_1)
FNDA:22,(anonymous_2)
FNDA:14,(anonymous_3)
FNDA:0,(anonymous_4)
DA:11,48
DA:12,48
DA:13,48
DA:21,12
DA:29,22
DA:37,14
DA:45,0
DA:49,8
LF:8
LH:7
BRDA:20,0,0,2
BRDA:28,1,0,9
BRDA:36,2,0,0
BRDA:44,3,0,0
BRF:4
BRH:2
end_of_record
TN:
SF:helpers/sql.js
FN:23,sqlForPartialUpdate
FN:28,(anonymous_1)
FNF:2
FNH:2
FNDA:14,sqlForPartialUpdate
FNDA:24,(anonymous_1)
DA:3,7
DA:24,14
DA:25,14
DA:28,11
DA:29,24
DA:32,11
DA:75,7
LF:7
LH:7
BRDA:25,0,0,3
BRDA:25,0,1,11
BRDA:29,1,0,24
BRDA:29,1,1,10
BRF:4
BRH:4
end_of_record
TN:
SF:helpers/tokens.js
FN:8,createToken
FNF:1
FNH:1
FNDA:10,createToken
DA:3,5
DA:4,5
DA:9,10
DA:14,10
DA:17,5
LF:5
LH:5
BRF:0
BRH:0
end_of_record
TN:
SF:middleware/auth.js
FN:18,authenticateJWT
FN:38,ensureLoggedIn
FN:43,ensureIsAdmin
FNF:3
FNH:3
FNDA:49,authenticateJWT
FNDA:32,ensureLoggedIn
FNDA:9,ensureIsAdmin
DA:5,5
DA:6,5
DA:7,5
DA:19,49
DA:20,49
DA:21,24
DA:23,24
DA:24,24
DA:29,49
DA:39,32
DA:40,9
DA:44,9
DA:45,9
DA:49,5
LF:14
LH:14
BRDA:20,0,0,24
BRDA:20,0,1,25
BRDA:39,1,0,23
BRDA:39,1,1,9
BRDA:44,2,0,0
BRDA:44,2,1,9
BRF:6
BRH:5
end_of_record
TN:
SF:models/_testCommon.js
FN:8,commonBeforeAll
FN:35,commonBeforeEach
FN:40,commonAfterEach
FN:45,commonAfterAll
FNF:4
FNH:4
FNDA:2,commonBeforeAll
FNDA:30,commonBeforeEach
FNDA:30,commonAfterEach
FNDA:2,commonAfterAll
DA:3,2
DA:5,2
DA:6,2
DA:10,2
DA:12,2
DA:14,2
DA:20,2
DA:36,30
DA:41,30
DA:46,2
DA:50,2
LF:11
LH:11
BRF:0
BRH:0
end_of_record
TN:
SF:models/company.js
FN:19,(anonymous_0)
FN:59,(anonymous_1)
FN:99,(anonymous_2)
FN:134,(anonymous_3)
FN:163,(anonymous_4)
FN:195,(anonymous_5)
FNF:6
FNH:6
FNDA:12,(anonymous_0)
FNDA:6,(anonymous_1)
FNDA:6,(anonymous_2)
FNDA:5,(anonymous_3)
FNDA:4,(anonymous_4)
FNDA:2,(anonymous_5)
DA:3,5
DA:4,5
DA:5,5
DA:20,12
DA:25,12
DA:26,1
DA:28,11
DA:48,11
DA:50,11
DA:61,6
DA:62,1
DA:65,5
DA:67,5
DA:77,5
DA:101,6
DA:102,6
DA:104,6
DA:105,3
DA:106,3
DA:109,6
DA:110,3
DA:111,3
DA:114,6
DA:115,4
DA:116,4
DA:119,6
DA:135,5
DA:144,5
DA:146,5
DA:148,3
DA:164,4
DA:170,3
DA:172,3
DA:182,3
DA:183,3
DA:185,3
DA:187,2
DA:196,2
DA:201,2
DA:203,2
DA:208,5
LF:41
LH:41
BRDA:25,0,0,1
BRDA:25,0,1,11
BRDA:59,1,0,1
BRDA:61,2,0,1
BRDA:61,2,1,5
BRDA:104,3,0,3
BRDA:104,3,1,3
BRDA:109,4,0,3
BRDA:109,4,1,3
BRDA:114,5,0,4
BRDA:114,5,1,2
BRDA:120,6,0,4
BRDA:120,6,1,2
BRDA:146,7,0,2
BRDA:146,7,1,3
BRDA:185,8,0,1
BRDA:185,8,1,2
BRDA:203,9,0,1
BRDA:203,9,1,1
BRF:19
BRH:19
end_of_record
TN:
SF:models/user.js
FN:24,(anonymous_0)
FN:58,(anonymous_1)
FN:106,(anonymous_2)
FN:128,(anonymous_3)
FN:163,(anonymous_4)
FN:197,(anonymous_5)
FNF:6
FNH:6
FNDA:7,(anonymous_0)
FNDA:16,(anonymous_1)
FNDA:2,(anonymous_2)
FNDA:4,(anonymous_3)
FNDA:7,(anonymous_4)
FNDA:4,(anonymous_5)
DA:3,5
DA:4,5
DA:5,5
DA:10,5
DA:12,5
DA:26,7
DA:37,7
DA:39,7
DA:41,4
DA:42,4
DA:43,3
DA:44,3
DA:48,4
DA:60,16
DA:66,16
DA:67,1
DA:70,15
DA:72,15
DA:96,15
DA:98,15
DA:107,2
DA:117,2
DA:129,4
DA:139,4
DA:141,4
DA:143,2
DA:164,7
DA:165,2
DA:168,7
DA:175,6
DA:177,6
DA:186,6
DA:187,6
DA:189,6
DA:191,4
DA:192,4
DA:198,4
DA:204,4
DA:206,4
DA:211,5
LF:40
LH:40
BRDA:39,0,0,4
BRDA:39,0,1,3
BRDA:42,1,0,3
BRDA:42,1,1,1
BRDA:66,2,0,1
BRDA:66,2,1,15
BRDA:141,3,0,2
BRDA:141,3,1,2
BRDA:164,4,0,2
BRDA:164,4,1,5
BRDA:189,5,0,2
BRDA:189,5,1,4
BRDA:206,6,0,2
BRDA:206,6,1,2
BRF:14
BRH:14
end_of_record
TN:
SF:routes/_testCommon.js
FN:8,commonBeforeAll
FN:65,commonBeforeEach
FN:69,commonAfterEach
FN:73,commonAfterAll
FNF:4
FNH:4
FNDA:3,commonBeforeAll
FNDA:44,commonBeforeEach
FNDA:44,commonAfterEach
FNDA:3,commonAfterAll
DA:3,3
DA:4,3
DA:5,3
DA:6,3
DA:10,3
DA:12,3
DA:14,3
DA:22,3
DA:30,3
DA:39,3
DA:47,3
DA:55,3
DA:66,44
DA:70,44
DA:74,3
DA:78,3
DA:81,3
LF:17
LH:17
BRF:0
BRH:0
end_of_record
TN:
SF:routes/auth.js
FN:22,(anonymous_0)
FN:29,(anonymous_1)
FN:49,(anonymous_2)
FN:56,(anonymous_3)
FNF:4
FNH:4
FNDA:5,(anonymous_0)
FNDA:2,(anonymous_1)
FNDA:3,(anonymous_2)
FNDA:5,(anonymous_3)
DA:5,4
DA:7,4
DA:8,4
DA:9,4
DA:10,4
DA:11,4
DA:12,4
DA:13,4
DA:22,4
DA:23,5
DA:28,5
DA:29,2
DA:30,2
DA:33,3
DA:34,3
DA:35,1
DA:36,1
DA:49,4
DA:50,3
DA:55,3
DA:56,5
DA:57,2
DA:60,1
DA:61,1
DA:62,1
DA:66,4
LF:26
LH:26
BRDA:28,0,0,2
BRDA:28,0,1,3
BRDA:55,1,0,2
BRDA:55,1,1,1
BRF:4
BRH:4
end_of_record
TN:
SF:routes/companies.js
FN:34,(anonymous_0)
FN:41,(anonymous_1)
FN:60,(anonymous_2)
FN:79,(anonymous_3)
FN:96,(anonymous_4)
FN:115,(anonymous_5)
FN:122,(anonymous_6)
FN:138,(anonymous_7)
FNF:8
FNH:3
FNDA:0,(anonymous_0)
FNDA:0,(anonymous_1)
FNDA:4,(anonymous_2)
FNDA:2,(anonymous_3)
FNDA:3,(anonymous_4)
FNDA:0,(anonymous_5)
FNDA:0,(anonymous_6)
FNDA:0,(anonymous_7)
DA:6,4
DA:7,4
DA:9,4
DA:10,4
DA:11,4
DA:13,4
DA:15,4
DA:16,4
DA:17,4
DA:19,4
DA:31,4
DA:35,0
DA:40,0
DA:41,0
DA:42,0
DA:45,0
DA:46,0
DA:60,4
DA:62,4
DA:66,4
DA:69,4
DA:72,4
DA:78,4
DA:79,2
DA:80,1
DA:83,3
DA:85,2
DA:96,4
DA:97,3
DA:98,2
DA:112,4
DA:116,0
DA:121,0
DA:122,0
DA:123,0
DA:126,0
DA:127,0
DA:135,4
DA:139,0
DA:140,0
DA:144,4
LF:41
LH:27
BRDA:40,0,0,0
BRDA:40,0,1,0
BRDA:66,1,0,3
BRDA:66,1,1,1
BRDA:69,2,0,2
BRDA:69,2,1,2
BRDA:78,3,0,1
BRDA:78,3,1,3
BRDA:121,4,0,0
BRDA:121,4,1,0
BRF:10
BRH:6
end_of_record
TN:
SF:routes/users.js
FN:30,(anonymous_0)
FN:37,(anonymous_1)
FN:54,(anonymous_2)
FN:67,(anonymous_3)
FN:83,(anonymous_4)
FN:90,(anonymous_5)
FN:104,(anonymous_6)
FNF:7
FNH:7
FNDA:4,(anonymous_0)
FNDA:5,(anonymous_1)
FNDA:1,(anonymous_2)
FNDA:2,(anonymous_3)
FNDA:4,(anonymous_4)
FNDA:1,(anonymous_5)
FNDA:2,(anonymous_6)
DA:5,4
DA:7,4
DA:8,4
DA:9,4
DA:10,4
DA:11,4
DA:12,4
DA:13,4
DA:15,4
DA:30,4
DA:31,4
DA:36,4
DA:37,5
DA:38,2
DA:41,2
DA:42,2
DA:43,2
DA:54,4
DA:55,1
DA:56,1
DA:67,4
DA:68,2
DA:69,1
DA:83,4
DA:84,4
DA:89,4
DA:90,1
DA:91,1
DA:94,3
DA:95,2
DA:104,4
DA:105,2
DA:106,1
DA:110,4
LF:34
LH:34
BRDA:36,0,0,2
BRDA:36,0,1,2
BRDA:89,1,0,1
BRDA:89,1,1,3
BRF:4
BRH:4
end_of_record
