TN:
SF:app.js
FN:30,(anonymous_0)
FN:35,(anonymous_1)
FNF:2
FNH:2
FNDA:2,(anonymous_0)
FNDA:36,(anonymous_1)
DA:5,4
DA:6,4
DA:8,4
DA:10,4
DA:11,4
DA:12,4
DA:13,4
DA:15,4
DA:17,4
DA:19,4
DA:20,4
DA:21,4
DA:22,4
DA:24,4
DA:25,4
DA:26,4
DA:30,4
DA:31,2
DA:35,4
DA:36,36
DA:39,36
DA:41,36
DA:46,4
LF:23
LH:23
BRDA:36,0,0,1
BRDA:36,0,1,35
BRF:2
BRH:2
end_of_record
TN:
SF:config.js
FN:13,getDatabaseUri
FNF:1
FNH:1
FNDA:10,getDatabaseUri
DA:5,9
DA:6,9
DA:8,9
DA:10,9
DA:14,10
DA:21,9
DA:23,9
DA:24,1
DA:34,9
LF:9
LH:9
BRDA:8,0,0,9
BRDA:8,0,1,8
BRDA:10,1,0,9
BRDA:10,1,1,8
BRDA:14,2,0,7
BRDA:14,2,1,3
BRDA:16,3,0,3
BRDA:16,3,1,1
BRDA:21,4,0,8
BRDA:21,4,1,1
BRDA:23,5,0,1
BRDA:23,5,1,8
BRF:12
BRH:12
end_of_record
TN:
SF:db.js
FN:14,connectDb
FNF:1
FNH:1
FNDA:6,connectDb
DA:5,6
DA:6,6
DA:8,6
DA:10,6
DA:16,6
DA:17,6
DA:18,6
DA:19,6
DA:25,6
DA:27,6
LF:10
LH:10
BRF:0
BRH:0
end_of_record
TN:
SF:expressError.js
FN:10,(anonymous_0)
FN:20,(anonymous_1)
FN:28,(anonymous_2)
FN:36,(anonymous_3)
FN:44,(anonymous_4)
FNF:5
FNH:4
FNDA:51,(anonymous_0)
FNDA:14,(anonymous_1)
FNDA:19,(anonymous_2)
FNDA:18,(anonymous_3)
FNDA:0,(anonymous_4)
DA:11,51
DA:12,51
DA:13,51
DA:21,14
DA:29,19
DA:37,18
DA:45,0
DA:49,8
LF:8
LH:7
BRDA:20,0,0,2
BRDA:28,1,0,9
BRDA:36,2,0,0
BRDA:44,3,0,0
BRF:4
BRH:2
end_of_record
TN:
SF:helpers/sql.js
FN:23,sqlForPartialUpdate
FN:28,(anonymous_1)
FNF:2
FNH:2
FNDA:17,sqlForPartialUpdate
FNDA:27,(anonymous_1)
DA:3,7
DA:24,17
DA:25,17
DA:28,14
DA:29,27
DA:32,14
DA:75,7
LF:7
LH:7
BRDA:25,0,0,3
BRDA:25,0,1,14
BRDA:29,1,0,27
BRDA:29,1,1,12
BRF:4
BRH:4
end_of_record
TN:
SF:helpers/tokens.js
FN:8,createToken
FNF:1
FNH:1
FNDA:16,createToken
DA:3,5
DA:4,5
DA:9,16
DA:14,16
DA:17,5
LF:5
LH:5
BRF:0
BRH:0
end_of_record
TN:
SF:middleware/auth.js
FN:18,authenticateJWT
FN:39,ensureLoggedIn
FN:49,ensureIsAdmin
FN:59,ensureIsAdminOrUser
FNF:4
FNH:4
FNDA:58,authenticateJWT
FNDA:41,ensureLoggedIn
FNDA:17,ensureIsAdmin
FNDA:14,ensureIsAdminOrUser
DA:5,5
DA:6,5
DA:7,5
DA:19,58
DA:20,58
DA:22,33
DA:24,33
DA:25,33
DA:30,58
DA:40,41
DA:41,9
DA:50,17
DA:51,3
DA:60,14
DA:62,14
DA:63,11
DA:66,3
DA:70,5
LF:18
LH:18
BRDA:20,0,0,33
BRDA:20,0,1,25
BRDA:40,1,0,32
BRDA:40,1,1,9
BRDA:50,2,0,14
BRDA:50,2,1,3
BRDA:62,3,0,11
BRDA:62,3,1,3
BRDA:62,4,0,14
BRDA:62,4,1,11
BRF:10
BRH:10
end_of_record
TN:
SF:models/_testCommon.js
FN:8,commonBeforeAll
FN:35,commonBeforeEach
FN:40,commonAfterEach
FN:45,commonAfterAll
FNF:4
FNH:4
FNDA:2,commonBeforeAll
FNDA:30,commonBeforeEach
FNDA:30,commonAfterEach
FNDA:2,commonAfterAll
DA:3,2
DA:5,2
DA:6,2
DA:10,2
DA:12,2
DA:14,2
DA:20,2
DA:36,30
DA:41,30
DA:46,2
DA:52,2
LF:11
LH:11
BRF:0
BRH:0
end_of_record
TN:
SF:models/company.js
FN:19,(anonymous_0)
FN:59,(anonymous_1)
FN:99,(anonymous_2)
FN:134,(anonymous_3)
FN:163,(anonymous_4)
FN:195,(anonymous_5)
FNF:6
FNH:6
FNDA:13,(anonymous_0)
FNDA:6,(anonymous_1)
FNDA:6,(anonymous_2)
FNDA:5,(anonymous_3)
FNDA:6,(anonymous_4)
FNDA:4,(anonymous_5)
DA:3,5
DA:4,5
DA:5,5
DA:20,13
DA:25,13
DA:26,1
DA:28,12
DA:48,12
DA:50,12
DA:61,6
DA:62,1
DA:65,5
DA:67,5
DA:77,5
DA:101,6
DA:102,6
DA:104,6
DA:105,3
DA:106,3
DA:109,6
DA:110,3
DA:111,3
DA:114,6
DA:115,4
DA:116,4
DA:119,6
DA:135,5
DA:144,5
DA:146,5
DA:148,3
DA:164,6
DA:170,5
DA:172,5
DA:182,5
DA:183,5
DA:185,5
DA:187,3
DA:196,4
DA:201,4
DA:203,4
DA:208,5
LF:41
LH:41
BRDA:25,0,0,1
BRDA:25,0,1,12
BRDA:59,1,0,1
BRDA:61,2,0,1
BRDA:61,2,1,5
BRDA:104,3,0,3
BRDA:104,3,1,3
BRDA:109,4,0,3
BRDA:109,4,1,3
BRDA:114,5,0,4
BRDA:114,5,1,2
BRDA:120,6,0,4
BRDA:120,6,1,2
BRDA:146,7,0,2
BRDA:146,7,1,3
BRDA:185,8,0,2
BRDA:185,8,1,3
BRDA:203,9,0,2
BRDA:203,9,1,2
BRF:19
BRH:19
end_of_record
TN:
SF:models/user.js
FN:24,(anonymous_0)
FN:58,(anonymous_1)
FN:106,(anonymous_2)
FN:128,(anonymous_3)
FN:163,(anonymous_4)
FN:197,(anonymous_5)
FNF:6
FNH:6
FNDA:7,(anonymous_0)
FNDA:16,(anonymous_1)
FNDA:2,(anonymous_2)
FNDA:5,(anonymous_3)
FNDA:8,(anonymous_4)
FNDA:5,(anonymous_5)
DA:3,5
DA:4,5
DA:5,5
DA:10,5
DA:12,5
DA:26,7
DA:37,7
DA:39,7
DA:41,4
DA:42,4
DA:43,3
DA:44,3
DA:48,4
DA:60,16
DA:66,16
DA:67,1
DA:70,15
DA:72,15
DA:96,15
DA:98,15
DA:107,2
DA:117,2
DA:129,5
DA:139,5
DA:141,5
DA:143,3
DA:164,8
DA:165,2
DA:168,8
DA:175,7
DA:177,7
DA:186,7
DA:187,7
DA:189,7
DA:191,5
DA:192,5
DA:198,5
DA:204,5
DA:206,5
DA:211,5
LF:40
LH:40
BRDA:39,0,0,4
BRDA:39,0,1,3
BRDA:42,1,0,3
BRDA:42,1,1,1
BRDA:66,2,0,1
BRDA:66,2,1,15
BRDA:141,3,0,2
BRDA:141,3,1,3
BRDA:164,4,0,2
BRDA:164,4,1,6
BRDA:189,5,0,2
BRDA:189,5,1,5
BRDA:206,6,0,2
BRDA:206,6,1,3
BRF:14
BRH:14
end_of_record
TN:
SF:routes/_testCommon.js
FN:8,commonBeforeAll
FN:65,commonBeforeEach
FN:69,commonAfterEach
FN:73,commonAfterAll
FNF:4
FNH:4
FNDA:3,commonBeforeAll
FNDA:53,commonBeforeEach
FNDA:53,commonAfterEach
FNDA:3,commonAfterAll
DA:3,3
DA:4,3
DA:5,3
DA:6,3
DA:10,3
DA:12,3
DA:14,3
DA:22,3
DA:30,3
DA:39,3
DA:47,3
DA:55,3
DA:66,53
DA:70,53
DA:74,3
DA:77,3
DA:83,3
DA:88,3
DA:94,3
LF:19
LH:19
BRF:0
BRH:0
end_of_record
TN:
SF:routes/auth.js
FN:22,(anonymous_0)
FN:29,(anonymous_1)
FN:49,(anonymous_2)
FN:56,(anonymous_3)
FNF:4
FNH:4
FNDA:5,(anonymous_0)
FNDA:2,(anonymous_1)
FNDA:3,(anonymous_2)
FNDA:5,(anonymous_3)
DA:5,4
DA:7,4
DA:8,4
DA:9,4
DA:10,4
DA:11,4
DA:12,4
DA:13,4
DA:22,4
DA:23,5
DA:28,5
DA:29,2
DA:30,2
DA:33,3
DA:34,3
DA:35,1
DA:36,1
DA:49,4
DA:50,3
DA:55,3
DA:56,5
DA:57,2
DA:60,1
DA:61,1
DA:62,1
DA:66,4
LF:26
LH:26
BRDA:28,0,0,2
BRDA:28,0,1,3
BRDA:55,1,0,2
BRDA:55,1,1,1
BRF:4
BRH:4
end_of_record
TN:
SF:routes/companies.js
FN:34,(anonymous_0)
FN:41,(anonymous_1)
FN:60,(anonymous_2)
FN:79,(anonymous_3)
FN:96,(anonymous_4)
FN:115,(anonymous_5)
FN:122,(anonymous_6)
FN:138,(anonymous_7)
FNF:8
FNH:8
FNDA:3,(anonymous_0)
FNDA:3,(anonymous_1)
FNDA:4,(anonymous_2)
FNDA:2,(anonymous_3)
FNDA:3,(anonymous_4)
FNDA:4,(anonymous_5)
FNDA:2,(anonymous_6)
FNDA:2,(anonymous_7)
DA:6,4
DA:7,4
DA:9,4
DA:10,4
DA:11,4
DA:13,4
DA:15,4
DA:16,4
DA:17,4
DA:19,4
DA:31,4
DA:35,3
DA:40,3
DA:41,3
DA:42,2
DA:45,1
DA:46,1
DA:60,4
DA:62,4
DA:66,4
DA:69,4
DA:72,4
DA:78,4
DA:79,2
DA:80,1
DA:83,3
DA:85,2
DA:96,4
DA:97,3
DA:98,2
DA:112,4
DA:116,4
DA:121,4
DA:122,2
DA:123,2
DA:126,2
DA:127,1
DA:135,4
DA:139,2
DA:140,1
DA:144,4
LF:41
LH:41
BRDA:40,0,0,2
BRDA:40,0,1,1
BRDA:66,1,0,3
BRDA:66,1,1,1
BRDA:69,2,0,2
BRDA:69,2,1,2
BRDA:78,3,0,1
BRDA:78,3,1,3
BRDA:121,4,0,2
BRDA:121,4,1,2
BRF:10
BRH:10
end_of_record
TN:
SF:routes/users.js
FN:34,(anonymous_0)
FN:41,(anonymous_1)
FN:62,(anonymous_2)
FN:79,(anonymous_3)
FN:99,(anonymous_4)
FN:106,(anonymous_5)
FN:124,(anonymous_6)
FNF:7
FNH:7
FNDA:4,(anonymous_0)
FNDA:5,(anonymous_1)
FNDA:1,(anonymous_2)
FNDA:3,(anonymous_3)
FNDA:5,(anonymous_4)
FNDA:1,(anonymous_5)
FNDA:3,(anonymous_6)
DA:5,4
DA:7,4
DA:8,4
DA:9,4
DA:10,4
DA:11,4
DA:12,4
DA:13,4
DA:15,4
DA:30,4
DA:35,4
DA:40,4
DA:41,5
DA:42,2
DA:45,2
DA:46,2
DA:47,2
DA:58,4
DA:63,1
DA:64,1
DA:75,4
DA:80,3
DA:81,2
DA:95,4
DA:100,5
DA:105,5
DA:106,1
DA:107,1
DA:110,4
DA:111,3
DA:120,4
DA:125,3
DA:126,2
DA:130,4
LF:34
LH:34
BRDA:40,0,0,2
BRDA:40,0,1,2
BRDA:105,1,0,1
BRDA:105,1,1,4
BRF:4
BRH:4
end_of_record
